0 info it worked if it ends with ok
1 verbose cli [ '/usr/local/bin/node', '/usr/local/bin/npm', 'run', 'build' ]
2 info using npm@3.8.9
3 info using node@v6.2.0
4 verbose run-script [ 'prebuild', 'build', 'postbuild' ]
5 info lifecycle solitaire-engine@0.12.282~prebuild: solitaire-engine@0.12.282
6 silly lifecycle solitaire-engine@0.12.282~prebuild: no script for prebuild, continuing
7 info lifecycle solitaire-engine@0.12.282~build: solitaire-engine@0.12.282
8 verbose lifecycle solitaire-engine@0.12.282~build: unsafe-perm in lifecycle true
9 verbose lifecycle solitaire-engine@0.12.282~build: PATH: /usr/local/lib/node_modules/npm/bin/node-gyp-bin:/home/r/_docker/v6-docker/v6-env/v6-apps/solitaire_engine/node_modules/.bin:/usr/local/bin:/usr/local/sbin:/usr/local/bin:/usr/sbin:/usr/bin:/sbin:/bin
10 verbose lifecycle solitaire-engine@0.12.282~build: CWD: /home/r/_docker/v6-docker/v6-env/v6-apps/solitaire_engine
11 silly lifecycle solitaire-engine@0.12.282~build: Args: [ '-c', 'node ./node_modules/webpack/bin/webpack.js' ]
12 silly lifecycle solitaire-engine@0.12.282~build: Returned: code: 143  signal: null
13 info lifecycle solitaire-engine@0.12.282~build: Failed to exec build script
14 verbose stack Error: solitaire-engine@0.12.282 build: `node ./node_modules/webpack/bin/webpack.js`
14 verbose stack Exit status 143
14 verbose stack     at EventEmitter.<anonymous> (/usr/local/lib/node_modules/npm/lib/utils/lifecycle.js:245:16)
14 verbose stack     at emitTwo (events.js:106:13)
14 verbose stack     at EventEmitter.emit (events.js:191:7)
14 verbose stack     at ChildProcess.<anonymous> (/usr/local/lib/node_modules/npm/lib/utils/spawn.js:24:14)
14 verbose stack     at emitTwo (events.js:106:13)
14 verbose stack     at ChildProcess.emit (events.js:191:7)
14 verbose stack     at maybeClose (internal/child_process.js:850:16)
14 verbose stack     at Process.ChildProcess._handle.onexit (internal/child_process.js:215:5)
15 verbose pkgid solitaire-engine@0.12.282
16 verbose cwd /home/r/_docker/v6-docker/v6-env/v6-apps/solitaire_engine
17 error Linux 3.16.0-4-amd64
18 error argv "/usr/local/bin/node" "/usr/local/bin/npm" "run" "build"
19 error node v6.2.0
20 error npm  v3.8.9
21 error code ELIFECYCLE
22 error solitaire-engine@0.12.282 build: `node ./node_modules/webpack/bin/webpack.js`
22 error Exit status 143
23 error Failed at the solitaire-engine@0.12.282 build script 'node ./node_modules/webpack/bin/webpack.js'.
23 error Make sure you have the latest version of node.js and npm installed.
23 error If you do, this is most likely a problem with the solitaire-engine package,
23 error not with npm itself.
23 error Tell the author that this fails on your system:
23 error     node ./node_modules/webpack/bin/webpack.js
23 error You can get information on how to open an issue for this project with:
23 error     npm bugs solitaire-engine
23 error Or if that isn't available, you can get their info via:
23 error     npm owner ls solitaire-engine
23 error There is likely additional logging output above.
24 verbose exit [ 1, true ]
